# JRE version: OpenJDK Runtime Environment Temurin-21.0.9+10 (21.0.9+10) (build 21.0.9+10-LTS)
# Java VM: OpenJDK 64-Bit Server VM Temurin-21.0.9+10 (21.0.9+10-LTS, mixed mode, sharing, tiered, compressed oops, compressed class ptrs, parallel gc, windows-amd64)
GC Precious Log:
 CardTable entry size: 512
 CPUs: 4 total, 4 available
 Memory: 8073M
 Large Page Support: Disabled
 NUMA Support: Disabled
 Compressed Oops: Enabled (32-bit)
 Alignments: Space 512K, Generation 512K, Heap 2M
 Heap Min Capacity: 100M
 Heap Initial Capacity: 100M
 Heap Max Capacity: 2G
 Pre-touch: Disabled
 Parallel Workers: 4
Heap:
 PSYoungGen      total 2048K, used 1670K [0x00000000d5580000, 0x00000000d5900000, 0x0000000100000000)
  eden space 1536K, 98% used [0x00000000d5580000,0x00000000d56f9bc8,0x00000000d5700000)
  from space 512K, 31% used [0x00000000d5880000,0x00000000d58a8000,0x00000000d5900000)
  to   space 512K, 0% used [0x00000000d5800000,0x00000000d5800000,0x00000000d5880000)
 ParOldGen       total 128000K, used 106966K [0x0000000080000000, 0x0000000087d00000, 0x00000000d5580000)
  object space 128000K, 83% used [0x0000000080000000,0x00000000868758a8,0x0000000087d00000)
 Metaspace       used 74055K, committed 75584K, reserved 1179648K
  class space    used 7293K, committed 8064K, reserved 1048576K
GC Heap History (20 events):
Event: 63367.420 GC heap before
{Heap before GC invocations=1391 (full 8):
 PSYoungGen      total 3072K, used 2647K [0x00000000d5580000, 0x00000000d5a80000, 0x0000000100000000)
  eden space 1536K, 100% used [0x00000000d5580000,0x00000000d5700000,0x00000000d5700000)
  from space 1536K, 72% used [0x00000000d5880000,0x00000000d5995da8,0x00000000d5a00000)
  to   space 1536K, 0% used [0x00000000d5700000,0x00000000d5700000,0x00000000d5880000)
 ParOldGen       total 128000K, used 98810K [0x0000000080000000, 0x0000000087d00000, 0x00000000d5580000)
  object space 128000K, 77% used [0x0000000080000000,0x000000008607e830,0x0000000087d00000)
 Metaspace       used 74048K, committed 75584K, reserved 1179648K
  class space    used 7293K, committed 8064K, reserved 1048576K
}
Event: 63367.425 GC heap after
{Heap after GC invocations=1391 (full 8):
 PSYoungGen      total 3072K, used 1322K [0x00000000d5580000, 0x00000000d5a80000, 0x0000000100000000)
  eden space 1536K, 0% used [0x00000000d5580000,0x00000000d5580000,0x00000000d5700000)
  from space 1536K, 86% used [0x00000000d5700000,0x00000000d584a960,0x00000000d5880000)
  to   space 1536K, 0% used [0x00000000d5900000,0x00000000d5900000,0x00000000d5a80000)
 ParOldGen       total 128000K, used 99892K [0x0000000080000000, 0x0000000087d00000, 0x00000000d5580000)
  object space 128000K, 78% used [0x0000000080000000,0x000000008618d380,0x0000000087d00000)
 Metaspace       used 74048K, committed 75584K, reserved 1179648K
  class space    used 7293K, committed 8064K, reserved 1048576K
}
Event: 63367.461 GC heap before
{Heap before GC invocations=1392 (full 8):
 PSYoungGen      total 3072K, used 2814K [0x00000000d5580000, 0x00000000d5a80000, 0x0000000100000000)
  eden space 1536K, 97% used [0x00000000d5580000,0x00000000d56f51b8,0x00000000d5700000)
  from space 1536K, 86% used [0x00000000d5700000,0x00000000d584a960,0x00000000d5880000)
  to   space 1536K, 0% used [0x00000000d5900000,0x00000000d5900000,0x00000000d5a80000)
 ParOldGen       total 128000K, used 99892K [0x0000000080000000, 0x0000000087d00000, 0x00000000d5580000)
  object space 128000K, 78% used [0x0000000080000000,0x000000008618d380,0x0000000087d00000)
 Metaspace       used 74048K, committed 75584K, reserved 1179648K
  class space    used 7293K, committed 8064K, reserved 1048576K
}
Event: 63367.464 GC heap after
{Heap after GC invocations=1392 (full 8):
 PSYoungGen      total 3072K, used 1198K [0x00000000d5580000, 0x00000000d5a80000, 0x0000000100000000)
  eden space 1536K, 0% used [0x00000000d5580000,0x00000000d5580000,0x00000000d5700000)
  from space 1536K, 78% used [0x00000000d5900000,0x00000000d5a2bb70,0x00000000d5a80000)
  to   space 1536K, 0% used [0x00000000d5700000,0x00000000d5700000,0x00000000d5880000)
 ParOldGen       total 128000K, used 101133K [0x0000000080000000, 0x0000000087d00000, 0x00000000d5580000)
  object space 128000K, 79% used [0x0000000080000000,0x00000000862c3428,0x0000000087d00000)
 Metaspace       used 74048K, committed 75584K, reserved 1179648K
  class space    used 7293K, committed 8064K, reserved 1048576K
}
Event: 63367.494 GC heap before
{Heap before GC invocations=1393 (full 8):
 PSYoungGen      total 3072K, used 2734K [0x00000000d5580000, 0x00000000d5a80000, 0x0000000100000000)
  eden space 1536K, 100% used [0x00000000d5580000,0x00000000d5700000,0x00000000d5700000)
  from space 1536K, 78% used [0x00000000d5900000,0x00000000d5a2bb70,0x00000000d5a80000)
  to   space 1536K, 0% used [0x00000000d5700000,0x00000000d5700000,0x00000000d5880000)
 ParOldGen       total 128000K, used 101133K [0x0000000080000000, 0x0000000087d00000, 0x00000000d5580000)
  object space 128000K, 79% used [0x0000000080000000,0x00000000862c3428,0x0000000087d00000)
 Metaspace       used 74048K, committed 75584K, reserved 1179648K
  class space    used 7293K, committed 8064K, reserved 1048576K
}
Event: 63367.497 GC heap after
{Heap after GC invocations=1393 (full 8):
 PSYoungGen      total 3072K, used 1308K [0x00000000d5580000, 0x00000000d5a00000, 0x0000000100000000)
  eden space 1536K, 0% used [0x00000000d5580000,0x00000000d5580000,0x00000000d5700000)
  from space 1536K, 85% used [0x00000000d5700000,0x00000000d5847100,0x00000000d5880000)
  to   space 1536K, 0% used [0x00000000d5880000,0x00000000d5880000,0x00000000d5a00000)
 ParOldGen       total 128000K, used 102256K [0x0000000080000000, 0x0000000087d00000, 0x00000000d5580000)
  object space 128000K, 79% used [0x0000000080000000,0x00000000863dc338,0x0000000087d00000)
 Metaspace       used 74048K, committed 75584K, reserved 1179648K
  class space    used 7293K, committed 8064K, reserved 1048576K
}
Event: 63367.539 GC heap before
{Heap before GC invocations=1394 (full 8):
 PSYoungGen      total 3072K, used 2844K [0x00000000d5580000, 0x00000000d5a00000, 0x0000000100000000)
  eden space 1536K, 100% used [0x00000000d5580000,0x00000000d5700000,0x00000000d5700000)
  from space 1536K, 85% used [0x00000000d5700000,0x00000000d5847100,0x00000000d5880000)
  to   space 1536K, 0% used [0x00000000d5880000,0x00000000d5880000,0x00000000d5a00000)
 ParOldGen       total 128000K, used 102256K [0x0000000080000000, 0x0000000087d00000, 0x00000000d5580000)
  object space 128000K, 79% used [0x0000000080000000,0x00000000863dc338,0x0000000087d00000)
 Metaspace       used 74048K, committed 75584K, reserved 1179648K
  class space    used 7293K, committed 8064K, reserved 1048576K
}
Event: 63367.545 GC heap after
{Heap after GC invocations=1394 (full 8):
 PSYoungGen      total 3072K, used 1371K [0x00000000d5580000, 0x00000000d5a00000, 0x0000000100000000)
  eden space 1536K, 0% used [0x00000000d5580000,0x00000000d5580000,0x00000000d5700000)
  from space 1536K, 89% used [0x00000000d5880000,0x00000000d59d6cd8,0x00000000d5a00000)
  to   space 1536K, 0% used [0x00000000d5700000,0x00000000d5700000,0x00000000d5880000)
 ParOldGen       total 128000K, used 103517K [0x0000000080000000, 0x0000000087d00000, 0x00000000d5580000)
  object space 128000K, 80% used [0x0000000080000000,0x0000000086517430,0x0000000087d00000)
 Metaspace       used 74048K, committed 75584K, reserved 1179648K
  class space    used 7293K, committed 8064K, reserved 1048576K
}
Event: 63367.561 GC heap before
{Heap before GC invocations=1395 (full 8):
 PSYoungGen      total 3072K, used 2907K [0x00000000d5580000, 0x00000000d5a00000, 0x0000000100000000)
  eden space 1536K, 100% used [0x00000000d5580000,0x00000000d5700000,0x00000000d5700000)
  from space 1536K, 89% used [0x00000000d5880000,0x00000000d59d6cd8,0x00000000d5a00000)
  to   space 1536K, 0% used [0x00000000d5700000,0x00000000d5700000,0x00000000d5880000)
 ParOldGen       total 128000K, used 103517K [0x0000000080000000, 0x0000000087d00000, 0x00000000d5580000)
  object space 128000K, 80% used [0x0000000080000000,0x0000000086517430,0x0000000087d00000)
 Metaspace       used 74048K, committed 75584K, reserved 1179648K
  class space    used 7293K, committed 8064K, reserved 1048576K
}
Event: 63367.565 GC heap after
{Heap after GC invocations=1395 (full 8):
 PSYoungGen      total 3072K, used 1138K [0x00000000d5580000, 0x00000000d5a00000, 0x0000000100000000)
  eden space 1536K, 0% used [0x00000000d5580000,0x00000000d5580000,0x00000000d5700000)
  from space 1536K, 74% used [0x00000000d5700000,0x00000000d581cae0,0x00000000d5880000)
  to   space 1536K, 0% used [0x00000000d5880000,0x00000000d5880000,0x00000000d5a00000)
 ParOldGen       total 128000K, used 104836K [0x0000000080000000, 0x0000000087d00000, 0x00000000d5580000)
  object space 128000K, 81% used [0x0000000080000000,0x0000000086661318,0x0000000087d00000)
 Metaspace       used 74048K, committed 75584K, reserved 1179648K
  class space    used 7293K, committed 8064K, reserved 1048576K
}
Event: 63367.579 GC heap before
{Heap before GC invocations=1396 (full 8):
 PSYoungGen      total 3072K, used 2674K [0x00000000d5580000, 0x00000000d5a00000, 0x0000000100000000)
  eden space 1536K, 100% used [0x00000000d5580000,0x00000000d5700000,0x00000000d5700000)
  from space 1536K, 74% used [0x00000000d5700000,0x00000000d581cae0,0x00000000d5880000)
  to   space 1536K, 0% used [0x00000000d5880000,0x00000000d5880000,0x00000000d5a00000)
 ParOldGen       total 128000K, used 104836K [0x0000000080000000, 0x0000000087d00000, 0x00000000d5580000)
  object space 128000K, 81% used [0x0000000080000000,0x0000000086661318,0x0000000087d00000)
 Metaspace       used 74048K, committed 75584K, reserved 1179648K
  class space    used 7293K, committed 8064K, reserved 1048576K
}
Event: 63367.584 GC heap after
{Heap after GC invocations=1396 (full 8):
 PSYoungGen      total 2048K, used 374K [0x00000000d5580000, 0x00000000d5900000, 0x0000000100000000)
  eden space 1536K, 0% used [0x00000000d5580000,0x00000000d5580000,0x00000000d5700000)
  from space 512K, 73% used [0x00000000d5880000,0x00000000d58ddb78,0x00000000d5900000)
  to   space 1024K, 0% used [0x00000000d5700000,0x00000000d5700000,0x00000000d5800000)
 ParOldGen       total 128000K, used 105921K [0x0000000080000000, 0x0000000087d00000, 0x00000000d5580000)
  object space 128000K, 82% used [0x0000000080000000,0x00000000867707a8,0x0000000087d00000)
 Metaspace       used 74048K, committed 75584K, reserved 1179648K
  class space    used 7293K, committed 8064K, reserved 1048576K
}
Event: 63367.593 GC heap before
{Heap before GC invocations=1397 (full 8):
 PSYoungGen      total 2048K, used 1910K [0x00000000d5580000, 0x00000000d5900000, 0x0000000100000000)
  eden space 1536K, 100% used [0x00000000d5580000,0x00000000d5700000,0x00000000d5700000)
  from space 512K, 73% used [0x00000000d5880000,0x00000000d58ddb78,0x00000000d5900000)
  to   space 1024K, 0% used [0x00000000d5700000,0x00000000d5700000,0x00000000d5800000)
 ParOldGen       total 128000K, used 105921K [0x0000000080000000, 0x0000000087d00000, 0x00000000d5580000)
  object space 128000K, 82% used [0x0000000080000000,0x00000000867707a8,0x0000000087d00000)
 Metaspace       used 74048K, committed 75584K, reserved 1179648K
  class space    used 7293K, committed 8064K, reserved 1048576K
}
Event: 63367.596 GC heap after
{Heap after GC invocations=1397 (full 8):
 PSYoungGen      total 2560K, used 384K [0x00000000d5580000, 0x00000000d5900000, 0x0000000100000000)
  eden space 1536K, 0% used [0x00000000d5580000,0x00000000d5580000,0x00000000d5700000)
  from space 1024K, 37% used [0x00000000d5700000,0x00000000d5760000,0x00000000d5800000)
  to   space 512K, 0% used [0x00000000d5880000,0x00000000d5880000,0x00000000d5900000)
 ParOldGen       total 128000K, used 106185K [0x0000000080000000, 0x0000000087d00000, 0x00000000d5580000)
  object space 128000K, 82% used [0x0000000080000000,0x00000000867b27a8,0x0000000087d00000)
 Metaspace       used 74048K, committed 75584K, reserved 1179648K
  class space    used 7293K, committed 8064K, reserved 1048576K
}
Event: 63367.614 GC heap before
{Heap before GC invocations=1398 (full 8):
 PSYoungGen      total 2560K, used 1915K [0x00000000d5580000, 0x00000000d5900000, 0x0000000100000000)
  eden space 1536K, 99% used [0x00000000d5580000,0x00000000d56fed30,0x00000000d5700000)
  from space 1024K, 37% used [0x00000000d5700000,0x00000000d5760000,0x00000000d5800000)
  to   space 512K, 0% used [0x00000000d5880000,0x00000000d5880000,0x00000000d5900000)
 ParOldGen       total 128000K, used 106185K [0x0000000080000000, 0x0000000087d00000, 0x00000000d5580000)
  object space 128000K, 82% used [0x0000000080000000,0x00000000867b27a8,0x0000000087d00000)
 Metaspace       used 74048K, committed 75584K, reserved 1179648K
  class space    used 7293K, committed 8064K, reserved 1048576K
}
Event: 63367.617 GC heap after
{Heap after GC invocations=1398 (full 8):
 PSYoungGen      total 2048K, used 388K [0x00000000d5580000, 0x00000000d5900000, 0x0000000100000000)
  eden space 1536K, 0% used [0x00000000d5580000,0x00000000d5580000,0x00000000d5700000)
  from space 512K, 75% used [0x00000000d5880000,0x00000000d58e11a8,0x00000000d5900000)
  to   space 512K, 0% used [0x00000000d5800000,0x00000000d5800000,0x00000000d5880000)
 ParOldGen       total 128000K, used 106537K [0x0000000080000000, 0x0000000087d00000, 0x00000000d5580000)
  object space 128000K, 83% used [0x0000000080000000,0x000000008680a7a8,0x0000000087d00000)
 Metaspace       used 74048K, committed 75584K, reserved 1179648K
  class space    used 7293K, committed 8064K, reserved 1048576K
}
Event: 63629.049 GC heap before
{Heap before GC invocations=1399 (full 8):
 PSYoungGen      total 2048K, used 1924K [0x00000000d5580000, 0x00000000d5900000, 0x0000000100000000)
  eden space 1536K, 100% used [0x00000000d5580000,0x00000000d5700000,0x00000000d5700000)
  from space 512K, 75% used [0x00000000d5880000,0x00000000d58e11a8,0x00000000d5900000)
  to   space 512K, 0% used [0x00000000d5800000,0x00000000d5800000,0x00000000d5880000)
 ParOldGen       total 128000K, used 106537K [0x0000000080000000, 0x0000000087d00000, 0x00000000d5580000)
  object space 128000K, 83% used [0x0000000080000000,0x000000008680a7a8,0x0000000087d00000)
 Metaspace       used 74051K, committed 75584K, reserved 1179648K
  class space    used 7293K, committed 8064K, reserved 1048576K
}
Event: 63629.139 GC heap after
{Heap after GC invocations=1399 (full 8):
 PSYoungGen      total 2048K, used 160K [0x00000000d5580000, 0x00000000d5900000, 0x0000000100000000)
  eden space 1536K, 0% used [0x00000000d5580000,0x00000000d5580000,0x00000000d5700000)
  from space 512K, 31% used [0x00000000d5800000,0x00000000d5828000,0x00000000d5880000)
  to   space 512K, 0% used [0x00000000d5880000,0x00000000d5880000,0x00000000d5900000)
 ParOldGen       total 128000K, used 106862K [0x0000000080000000, 0x0000000087d00000, 0x00000000d5580000)
  object space 128000K, 83% used [0x0000000080000000,0x000000008685b8a8,0x0000000087d00000)
 Metaspace       used 74051K, committed 75584K, reserved 1179648K
  class space    used 7293K, committed 8064K, reserved 1048576K
}
Event: 63629.633 GC heap before
{Heap before GC invocations=1400 (full 8):
 PSYoungGen      total 2048K, used 1695K [0x00000000d5580000, 0x00000000d5900000, 0x0000000100000000)
  eden space 1536K, 99% used [0x00000000d5580000,0x00000000d56fff48,0x00000000d5700000)
  from space 512K, 31% used [0x00000000d5800000,0x00000000d5828000,0x00000000d5880000)
  to   space 512K, 0% used [0x00000000d5880000,0x00000000d5880000,0x00000000d5900000)
 ParOldGen       total 128000K, used 106862K [0x0000000080000000, 0x0000000087d00000, 0x00000000d5580000)
  object space 128000K, 83% used [0x0000000080000000,0x000000008685b8a8,0x0000000087d00000)
 Metaspace       used 74054K, committed 75584K, reserved 1179648K
  class space    used 7293K, committed 8064K, reserved 1048576K
}
Event: 63629.637 GC heap after
{Heap after GC invocations=1400 (full 8):
 PSYoungGen      total 2048K, used 160K [0x00000000d5580000, 0x00000000d5900000, 0x0000000100000000)
  eden space 1536K, 0% used [0x00000000d5580000,0x00000000d5580000,0x00000000d5700000)
  from space 512K, 31% used [0x00000000d5880000,0x00000000d58a8000,0x00000000d5900000)
  to   space 512K, 0% used [0x00000000d5800000,0x00000000d5800000,0x00000000d5880000)
 ParOldGen       total 128000K, used 106966K [0x0000000080000000, 0x0000000087d00000, 0x00000000d5580000)
  object space 128000K, 83% used [0x0000000080000000,0x00000000868758a8,0x0000000087d00000)
 Metaspace       used 74054K, committed 75584K, reserved 1179648K
  class space    used 7293K, committed 8064K, reserved 1048576K
}

