# JRE version: OpenJDK Runtime Environment (25.0+36) (build 25+36-3489)
# Java VM: OpenJDK 64-Bit Server VM (25+36-3489, mixed mode, sharing, tiered, compressed oops, compressed class ptrs, g1 gc, windows-amd64)
GC Precious Log:
 CardTable entry size: 512
 Card Set container configuration: InlinePtr #cards 5 size 8 Array Of Cards #cards 10 size 36 Howl #buckets 4 coarsen threshold 1843 Howl Bitmap #cards 512 size 80 coarsen threshold 460 Card regions per heap region 1 cards per card region 2048
 CPUs: 4 total, 4 available
 Memory: 8073M
 Large Page Support: Disabled
 NUMA Support: Disabled
 Compressed Oops: Enabled (32-bit)
 Heap Region Size: 1M
 Heap Min Capacity: 8M
 Heap Initial Capacity: 128M
 Heap Max Capacity: 2020M
 Pre-touch: Disabled
 Parallel Workers: 4
 Concurrent Workers: 1
 Concurrent Refinement Workers: 4
 Periodic GC: Disabled
Heap:
 garbage-first heap   total reserved 2068480K, committed 104448K, used 69372K [0x0000000081c00000, 0x0000000100000000)
  region size 1024K, 9 young (9216K), 1 survivors (1024K)
GC Heap Usage History (20 events):
Event: 19.920 {heap Before GC invocations=13 (full 0):
 garbage-first heap   total reserved 2068480K, committed 89088K, used 78010K [0x0000000081c00000, 0x0000000100000000)
  region size 1024K, 40 young (40960K), 5 survivors (5120K)
}
Event: 19.932 {heap After GC invocations=14 (full 0):
 garbage-first heap   total reserved 2068480K, committed 89088K, used 44074K [0x0000000081c00000, 0x0000000100000000)
  region size 1024K, 5 young (5120K), 5 survivors (5120K)
}
Event: 21.687 {heap Before GC invocations=14 (full 0):
 garbage-first heap   total reserved 2068480K, committed 89088K, used 78890K [0x0000000081c00000, 0x0000000100000000)
  region size 1024K, 39 young (39936K), 5 survivors (5120K)
}
Event: 21.697 {heap After GC invocations=15 (full 0):
 garbage-first heap   total reserved 2068480K, committed 89088K, used 46062K [0x0000000081c00000, 0x0000000100000000)
  region size 1024K, 5 young (5120K), 5 survivors (5120K)
}
Event: 24.824 {heap Before GC invocations=15 (full 0):
 garbage-first heap   total reserved 2068480K, committed 89088K, used 79854K [0x0000000081c00000, 0x0000000100000000)
  region size 1024K, 38 young (38912K), 5 survivors (5120K)
}
Event: 24.835 {heap After GC invocations=16 (full 0):
 garbage-first heap   total reserved 2068480K, committed 89088K, used 48311K [0x0000000081c00000, 0x0000000100000000)
  region size 1024K, 5 young (5120K), 5 survivors (5120K)
}
Event: 28.773 {heap Before GC invocations=17 (full 0):
 garbage-first heap   total reserved 2068480K, committed 89088K, used 81079K [0x0000000081c00000, 0x0000000100000000)
  region size 1024K, 37 young (37888K), 5 survivors (5120K)
}
Event: 28.782 {heap After GC invocations=18 (full 0):
 garbage-first heap   total reserved 2068480K, committed 89088K, used 50346K [0x0000000081c00000, 0x0000000100000000)
  region size 1024K, 5 young (5120K), 5 survivors (5120K)
}
Event: 29.579 {heap Before GC invocations=18 (full 0):
 garbage-first heap   total reserved 2068480K, committed 89088K, used 81066K [0x0000000081c00000, 0x0000000100000000)
  region size 1024K, 35 young (35840K), 5 survivors (5120K)
}
Event: 29.590 {heap After GC invocations=19 (full 0):
 garbage-first heap   total reserved 2068480K, committed 91136K, used 51374K [0x0000000081c00000, 0x0000000100000000)
  region size 1024K, 4 young (4096K), 4 survivors (4096K)
}
Event: 30.776 {heap Before GC invocations=19 (full 0):
 garbage-first heap   total reserved 2068480K, committed 91136K, used 83118K [0x0000000081c00000, 0x0000000100000000)
  region size 1024K, 35 young (35840K), 4 survivors (4096K)
}
Event: 30.787 {heap After GC invocations=20 (full 0):
 garbage-first heap   total reserved 2068480K, committed 91136K, used 54272K [0x0000000081c00000, 0x0000000100000000)
  region size 1024K, 5 young (5120K), 5 survivors (5120K)
}
Event: 59.822 {heap Before GC invocations=21 (full 0):
 garbage-first heap   total reserved 2068480K, committed 91136K, used 82944K [0x0000000081c00000, 0x0000000100000000)
  region size 1024K, 34 young (34816K), 5 survivors (5120K)
}
Event: 59.839 {heap After GC invocations=22 (full 0):
 garbage-first heap   total reserved 2068480K, committed 93184K, used 57438K [0x0000000081c00000, 0x0000000100000000)
  region size 1024K, 3 young (3072K), 3 survivors (3072K)
}
Event: 62.073 {heap Before GC invocations=22 (full 0):
 garbage-first heap   total reserved 2068480K, committed 93184K, used 84062K [0x0000000081c00000, 0x0000000100000000)
  region size 1024K, 30 young (30720K), 3 survivors (3072K)
}
Event: 62.085 {heap After GC invocations=23 (full 0):
 garbage-first heap   total reserved 2068480K, committed 93184K, used 58823K [0x0000000081c00000, 0x0000000100000000)
  region size 1024K, 3 young (3072K), 3 survivors (3072K)
}
Event: 122.164 {heap Before GC invocations=23 (full 0):
 garbage-first heap   total reserved 2068480K, committed 93184K, used 84423K [0x0000000081c00000, 0x0000000100000000)
  region size 1024K, 29 young (29696K), 3 survivors (3072K)
}
Event: 122.195 {heap After GC invocations=24 (full 0):
 garbage-first heap   total reserved 2068480K, committed 93184K, used 61661K [0x0000000081c00000, 0x0000000100000000)
  region size 1024K, 3 young (3072K), 3 survivors (3072K)
}
Event: 541.840 {heap Before GC invocations=25 (full 0):
 garbage-first heap   total reserved 2068480K, committed 104448K, used 85213K [0x0000000081c00000, 0x0000000100000000)
  region size 1024K, 26 young (26624K), 3 survivors (3072K)
}
Event: 541.923 {heap After GC invocations=26 (full 0):
 garbage-first heap   total reserved 2068480K, committed 104448K, used 62204K [0x0000000081c00000, 0x0000000100000000)
  region size 1024K, 1 young (1024K), 1 survivors (1024K)
}

