# JRE version: OpenJDK Runtime Environment Temurin-21.0.9+10 (21.0.9+10) (build 21.0.9+10-LTS)
# Java VM: OpenJDK 64-Bit Server VM Temurin-21.0.9+10 (21.0.9+10-LTS, mixed mode, sharing, tiered, compressed oops, compressed class ptrs, parallel gc, windows-amd64)
GC Precious Log:
 CardTable entry size: 512
 CPUs: 4 total, 4 available
 Memory: 8073M
 Large Page Support: Disabled
 NUMA Support: Disabled
 Compressed Oops: Enabled (32-bit)
 Alignments: Space 512K, Generation 512K, Heap 2M
 Heap Min Capacity: 100M
 Heap Initial Capacity: 100M
 Heap Max Capacity: 2G
 Pre-touch: Disabled
 Parallel Workers: 4
Heap:
 PSYoungGen      total 3584K, used 3004K [0x00000000d5580000, 0x00000000d5c00000, 0x0000000100000000)
  eden space 3072K, 83% used [0x00000000d5580000,0x00000000d57ff008,0x00000000d5880000)
  from space 512K, 87% used [0x00000000d5b00000,0x00000000d5b70000,0x00000000d5b80000)
  to   space 512K, 0% used [0x00000000d5b80000,0x00000000d5b80000,0x00000000d5c00000)
 ParOldGen       total 882176K, used 558631K [0x0000000080000000, 0x00000000b5d80000, 0x00000000d5580000)
  object space 882176K, 63% used [0x0000000080000000,0x00000000a2189d00,0x00000000b5d80000)
 Metaspace       used 85115K, committed 86784K, reserved 1179648K
  class space    used 8581K, committed 9408K, reserved 1048576K
GC Heap History (20 events):
Event: 5138.807 GC heap before
{Heap before GC invocations=1740 (full 5):
 PSYoungGen      total 4096K, used 4096K [0x00000000d5580000, 0x00000000d6000000, 0x0000000100000000)
  eden space 2048K, 100% used [0x00000000d5580000,0x00000000d5780000,0x00000000d5780000)
  from space 2048K, 100% used [0x00000000d5780000,0x00000000d5980000,0x00000000d5980000)
  to   space 4096K, 0% used [0x00000000d5c00000,0x00000000d5c00000,0x00000000d6000000)
 ParOldGen       total 882176K, used 547525K [0x0000000080000000, 0x00000000b5d80000, 0x00000000d5580000)
  object space 882176K, 62% used [0x0000000080000000,0x00000000a16b14e0,0x00000000b5d80000)
 Metaspace       used 85076K, committed 86720K, reserved 1179648K
  class space    used 8575K, committed 9408K, reserved 1048576K
}
Event: 5138.824 GC heap after
{Heap after GC invocations=1740 (full 5):
 PSYoungGen      total 5120K, used 2084K [0x00000000d5580000, 0x00000000d5e80000, 0x0000000100000000)
  eden space 2560K, 0% used [0x00000000d5580000,0x00000000d5580000,0x00000000d5800000)
  from space 2560K, 81% used [0x00000000d5c00000,0x00000000d5e09010,0x00000000d5e80000)
  to   space 3072K, 0% used [0x00000000d5880000,0x00000000d5880000,0x00000000d5b80000)
 ParOldGen       total 882176K, used 549573K [0x0000000080000000, 0x00000000b5d80000, 0x00000000d5580000)
  object space 882176K, 62% used [0x0000000080000000,0x00000000a18b14e0,0x00000000b5d80000)
 Metaspace       used 85076K, committed 86720K, reserved 1179648K
  class space    used 8575K, committed 9408K, reserved 1048576K
}
Event: 5138.837 GC heap before
{Heap before GC invocations=1741 (full 5):
 PSYoungGen      total 5120K, used 4600K [0x00000000d5580000, 0x00000000d5e80000, 0x0000000100000000)
  eden space 2560K, 98% used [0x00000000d5580000,0x00000000d57f5158,0x00000000d5800000)
  from space 2560K, 81% used [0x00000000d5c00000,0x00000000d5e09010,0x00000000d5e80000)
  to   space 3072K, 0% used [0x00000000d5880000,0x00000000d5880000,0x00000000d5b80000)
 ParOldGen       total 882176K, used 549573K [0x0000000080000000, 0x00000000b5d80000, 0x00000000d5580000)
  object space 882176K, 62% used [0x0000000080000000,0x00000000a18b14e0,0x00000000b5d80000)
 Metaspace       used 85076K, committed 86720K, reserved 1179648K
  class space    used 8575K, committed 9408K, reserved 1048576K
}
Event: 5138.849 GC heap after
{Heap after GC invocations=1741 (full 5):
 PSYoungGen      total 5632K, used 2432K [0x00000000d5580000, 0x00000000d5d80000, 0x0000000100000000)
  eden space 3072K, 0% used [0x00000000d5580000,0x00000000d5580000,0x00000000d5880000)
  from space 2560K, 95% used [0x00000000d5880000,0x00000000d5ae0000,0x00000000d5b00000)
  to   space 2560K, 0% used [0x00000000d5b00000,0x00000000d5b00000,0x00000000d5d80000)
 ParOldGen       total 882176K, used 551269K [0x0000000080000000, 0x00000000b5d80000, 0x00000000d5580000)
  object space 882176K, 62% used [0x0000000080000000,0x00000000a1a594e0,0x00000000b5d80000)
 Metaspace       used 85076K, committed 86720K, reserved 1179648K
  class space    used 8575K, committed 9408K, reserved 1048576K
}
Event: 5138.968 GC heap before
{Heap before GC invocations=1742 (full 5):
 PSYoungGen      total 5632K, used 5328K [0x00000000d5580000, 0x00000000d5d80000, 0x0000000100000000)
  eden space 3072K, 94% used [0x00000000d5580000,0x00000000d58542e8,0x00000000d5880000)
  from space 2560K, 95% used [0x00000000d5880000,0x00000000d5ae0000,0x00000000d5b00000)
  to   space 2560K, 0% used [0x00000000d5b00000,0x00000000d5b00000,0x00000000d5d80000)
 ParOldGen       total 882176K, used 551269K [0x0000000080000000, 0x00000000b5d80000, 0x00000000d5580000)
  object space 882176K, 62% used [0x0000000080000000,0x00000000a1a594e0,0x00000000b5d80000)
 Metaspace       used 85076K, committed 86720K, reserved 1179648K
  class space    used 8575K, committed 9408K, reserved 1048576K
}
Event: 5138.981 GC heap after
{Heap after GC invocations=1742 (full 5):
 PSYoungGen      total 5632K, used 2336K [0x00000000d5580000, 0x00000000d5e80000, 0x0000000100000000)
  eden space 3072K, 0% used [0x00000000d5580000,0x00000000d5580000,0x00000000d5880000)
  from space 2560K, 91% used [0x00000000d5b00000,0x00000000d5d48000,0x00000000d5d80000)
  to   space 2560K, 0% used [0x00000000d5880000,0x00000000d5880000,0x00000000d5b00000)
 ParOldGen       total 882176K, used 553445K [0x0000000080000000, 0x00000000b5d80000, 0x00000000d5580000)
  object space 882176K, 62% used [0x0000000080000000,0x00000000a1c794e0,0x00000000b5d80000)
 Metaspace       used 85076K, committed 86720K, reserved 1179648K
  class space    used 8575K, committed 9408K, reserved 1048576K
}
Event: 5312.804 GC heap before
{Heap before GC invocations=1743 (full 5):
 PSYoungGen      total 5632K, used 5408K [0x00000000d5580000, 0x00000000d5e80000, 0x0000000100000000)
  eden space 3072K, 100% used [0x00000000d5580000,0x00000000d5880000,0x00000000d5880000)
  from space 2560K, 91% used [0x00000000d5b00000,0x00000000d5d48000,0x00000000d5d80000)
  to   space 2560K, 0% used [0x00000000d5880000,0x00000000d5880000,0x00000000d5b00000)
 ParOldGen       total 882176K, used 553445K [0x0000000080000000, 0x00000000b5d80000, 0x00000000d5580000)
  object space 882176K, 62% used [0x0000000080000000,0x00000000a1c794e0,0x00000000b5d80000)
 Metaspace       used 85076K, committed 86720K, reserved 1179648K
  class space    used 8575K, committed 9408K, reserved 1048576K
}
Event: 5312.833 GC heap after
{Heap after GC invocations=1743 (full 5):
 PSYoungGen      total 5632K, used 2496K [0x00000000d5580000, 0x00000000d5e80000, 0x0000000100000000)
  eden space 3072K, 0% used [0x00000000d5580000,0x00000000d5580000,0x00000000d5880000)
  from space 2560K, 97% used [0x00000000d5880000,0x00000000d5af0000,0x00000000d5b00000)
  to   space 2560K, 0% used [0x00000000d5c00000,0x00000000d5c00000,0x00000000d5e80000)
 ParOldGen       total 882176K, used 554845K [0x0000000080000000, 0x00000000b5d80000, 0x00000000d5580000)
  object space 882176K, 62% used [0x0000000080000000,0x00000000a1dd74e0,0x00000000b5d80000)
 Metaspace       used 85076K, committed 86720K, reserved 1179648K
  class space    used 8575K, committed 9408K, reserved 1048576K
}
Event: 5313.511 GC heap before
{Heap before GC invocations=1744 (full 5):
 PSYoungGen      total 5632K, used 5567K [0x00000000d5580000, 0x00000000d5e80000, 0x0000000100000000)
  eden space 3072K, 99% used [0x00000000d5580000,0x00000000d587fff8,0x00000000d5880000)
  from space 2560K, 97% used [0x00000000d5880000,0x00000000d5af0000,0x00000000d5b00000)
  to   space 2560K, 0% used [0x00000000d5c00000,0x00000000d5c00000,0x00000000d5e80000)
 ParOldGen       total 882176K, used 554845K [0x0000000080000000, 0x00000000b5d80000, 0x00000000d5580000)
  object space 882176K, 62% used [0x0000000080000000,0x00000000a1dd74e0,0x00000000b5d80000)
 Metaspace       used 85085K, committed 86720K, reserved 1179648K
  class space    used 8575K, committed 9408K, reserved 1048576K
}
Event: 5313.521 GC heap after
{Heap after GC invocations=1744 (full 5):
 PSYoungGen      total 3584K, used 400K [0x00000000d5580000, 0x00000000d5c80000, 0x0000000100000000)
  eden space 3072K, 0% used [0x00000000d5580000,0x00000000d5580000,0x00000000d5880000)
  from space 512K, 78% used [0x00000000d5c00000,0x00000000d5c64030,0x00000000d5c80000)
  to   space 1536K, 0% used [0x00000000d5980000,0x00000000d5980000,0x00000000d5b00000)
 ParOldGen       total 882176K, used 557309K [0x0000000080000000, 0x00000000b5d80000, 0x00000000d5580000)
  object space 882176K, 63% used [0x0000000080000000,0x00000000a203f4e0,0x00000000b5d80000)
 Metaspace       used 85085K, committed 86720K, reserved 1179648K
  class space    used 8575K, committed 9408K, reserved 1048576K
}
Event: 5477.004 GC heap before
{Heap before GC invocations=1745 (full 5):
 PSYoungGen      total 3584K, used 3472K [0x00000000d5580000, 0x00000000d5c80000, 0x0000000100000000)
  eden space 3072K, 100% used [0x00000000d5580000,0x00000000d5880000,0x00000000d5880000)
  from space 512K, 78% used [0x00000000d5c00000,0x00000000d5c64030,0x00000000d5c80000)
  to   space 1536K, 0% used [0x00000000d5980000,0x00000000d5980000,0x00000000d5b00000)
 ParOldGen       total 882176K, used 557309K [0x0000000080000000, 0x00000000b5d80000, 0x00000000d5580000)
  object space 882176K, 63% used [0x0000000080000000,0x00000000a203f4e0,0x00000000b5d80000)
 Metaspace       used 85094K, committed 86720K, reserved 1179648K
  class space    used 8577K, committed 9408K, reserved 1048576K
}
Event: 5477.015 GC heap after
{Heap after GC invocations=1745 (full 5):
 PSYoungGen      total 4608K, used 585K [0x00000000d5580000, 0x00000000d5c80000, 0x0000000100000000)
  eden space 3072K, 0% used [0x00000000d5580000,0x00000000d5580000,0x00000000d5880000)
  from space 1536K, 38% used [0x00000000d5980000,0x00000000d5a12420,0x00000000d5b00000)
  to   space 1024K, 0% used [0x00000000d5b80000,0x00000000d5b80000,0x00000000d5c80000)
 ParOldGen       total 882176K, used 557477K [0x0000000080000000, 0x00000000b5d80000, 0x00000000d5580000)
  object space 882176K, 63% used [0x0000000080000000,0x00000000a2069510,0x00000000b5d80000)
 Metaspace       used 85094K, committed 86720K, reserved 1179648K
  class space    used 8577K, committed 9408K, reserved 1048576K
}
Event: 5477.355 GC heap before
{Heap before GC invocations=1746 (full 5):
 PSYoungGen      total 4608K, used 3657K [0x00000000d5580000, 0x00000000d5c80000, 0x0000000100000000)
  eden space 3072K, 100% used [0x00000000d5580000,0x00000000d5880000,0x00000000d5880000)
  from space 1536K, 38% used [0x00000000d5980000,0x00000000d5a12420,0x00000000d5b00000)
  to   space 1024K, 0% used [0x00000000d5b80000,0x00000000d5b80000,0x00000000d5c80000)
 ParOldGen       total 882176K, used 557477K [0x0000000080000000, 0x00000000b5d80000, 0x00000000d5580000)
  object space 882176K, 63% used [0x0000000080000000,0x00000000a2069510,0x00000000b5d80000)
 Metaspace       used 85096K, committed 86720K, reserved 1179648K
  class space    used 8577K, committed 9408K, reserved 1048576K
}
Event: 5477.360 GC heap after
{Heap after GC invocations=1746 (full 5):
 PSYoungGen      total 3584K, used 192K [0x00000000d5580000, 0x00000000d5c00000, 0x0000000100000000)
  eden space 3072K, 0% used [0x00000000d5580000,0x00000000d5580000,0x00000000d5880000)
  from space 512K, 37% used [0x00000000d5b80000,0x00000000d5bb0000,0x00000000d5c00000)
  to   space 512K, 0% used [0x00000000d5b00000,0x00000000d5b00000,0x00000000d5b80000)
 ParOldGen       total 882176K, used 557985K [0x0000000080000000, 0x00000000b5d80000, 0x00000000d5580000)
  object space 882176K, 63% used [0x0000000080000000,0x00000000a20e85d0,0x00000000b5d80000)
 Metaspace       used 85096K, committed 86720K, reserved 1179648K
  class space    used 8577K, committed 9408K, reserved 1048576K
}
Event: 5477.380 GC heap before
{Heap before GC invocations=1747 (full 5):
 PSYoungGen      total 3584K, used 3264K [0x00000000d5580000, 0x00000000d5c00000, 0x0000000100000000)
  eden space 3072K, 100% used [0x00000000d5580000,0x00000000d5880000,0x00000000d5880000)
  from space 512K, 37% used [0x00000000d5b80000,0x00000000d5bb0000,0x00000000d5c00000)
  to   space 512K, 0% used [0x00000000d5b00000,0x00000000d5b00000,0x00000000d5b80000)
 ParOldGen       total 882176K, used 557985K [0x0000000080000000, 0x00000000b5d80000, 0x00000000d5580000)
  object space 882176K, 63% used [0x0000000080000000,0x00000000a20e85d0,0x00000000b5d80000)
 Metaspace       used 85096K, committed 86720K, reserved 1179648K
  class space    used 8577K, committed 9408K, reserved 1048576K
}
Event: 5477.386 GC heap after
{Heap after GC invocations=1747 (full 5):
 PSYoungGen      total 3584K, used 256K [0x00000000d5580000, 0x00000000d5c00000, 0x0000000100000000)
  eden space 3072K, 0% used [0x00000000d5580000,0x00000000d5580000,0x00000000d5880000)
  from space 512K, 50% used [0x00000000d5b00000,0x00000000d5b40000,0x00000000d5b80000)
  to   space 512K, 0% used [0x00000000d5b80000,0x00000000d5b80000,0x00000000d5c00000)
 ParOldGen       total 882176K, used 558113K [0x0000000080000000, 0x00000000b5d80000, 0x00000000d5580000)
  object space 882176K, 63% used [0x0000000080000000,0x00000000a21085d0,0x00000000b5d80000)
 Metaspace       used 85096K, committed 86720K, reserved 1179648K
  class space    used 8577K, committed 9408K, reserved 1048576K
}
Event: 5477.593 GC heap before
{Heap before GC invocations=1748 (full 5):
 PSYoungGen      total 3584K, used 3328K [0x00000000d5580000, 0x00000000d5c00000, 0x0000000100000000)
  eden space 3072K, 100% used [0x00000000d5580000,0x00000000d5880000,0x00000000d5880000)
  from space 512K, 50% used [0x00000000d5b00000,0x00000000d5b40000,0x00000000d5b80000)
  to   space 512K, 0% used [0x00000000d5b80000,0x00000000d5b80000,0x00000000d5c00000)
 ParOldGen       total 882176K, used 558113K [0x0000000080000000, 0x00000000b5d80000, 0x00000000d5580000)
  object space 882176K, 63% used [0x0000000080000000,0x00000000a21085d0,0x00000000b5d80000)
 Metaspace       used 85113K, committed 86784K, reserved 1179648K
  class space    used 8580K, committed 9408K, reserved 1048576K
}
Event: 5477.598 GC heap after
{Heap after GC invocations=1748 (full 5):
 PSYoungGen      total 3584K, used 393K [0x00000000d5580000, 0x00000000d5c00000, 0x0000000100000000)
  eden space 3072K, 0% used [0x00000000d5580000,0x00000000d5580000,0x00000000d5880000)
  from space 512K, 76% used [0x00000000d5b80000,0x00000000d5be2400,0x00000000d5c00000)
  to   space 512K, 0% used [0x00000000d5b00000,0x00000000d5b00000,0x00000000d5b80000)
 ParOldGen       total 882176K, used 558265K [0x0000000080000000, 0x00000000b5d80000, 0x00000000d5580000)
  object space 882176K, 63% used [0x0000000080000000,0x00000000a212e5f0,0x00000000b5d80000)
 Metaspace       used 85113K, committed 86784K, reserved 1179648K
  class space    used 8580K, committed 9408K, reserved 1048576K
}
Event: 5477.609 GC heap before
{Heap before GC invocations=1749 (full 5):
 PSYoungGen      total 3584K, used 3465K [0x00000000d5580000, 0x00000000d5c00000, 0x0000000100000000)
  eden space 3072K, 100% used [0x00000000d5580000,0x00000000d5880000,0x00000000d5880000)
  from space 512K, 76% used [0x00000000d5b80000,0x00000000d5be2400,0x00000000d5c00000)
  to   space 512K, 0% used [0x00000000d5b00000,0x00000000d5b00000,0x00000000d5b80000)
 ParOldGen       total 882176K, used 558265K [0x0000000080000000, 0x00000000b5d80000, 0x00000000d5580000)
  object space 882176K, 63% used [0x0000000080000000,0x00000000a212e5f0,0x00000000b5d80000)
 Metaspace       used 85115K, committed 86784K, reserved 1179648K
  class space    used 8581K, committed 9408K, reserved 1048576K
}
Event: 5477.615 GC heap after
{Heap after GC invocations=1749 (full 5):
 PSYoungGen      total 3584K, used 448K [0x00000000d5580000, 0x00000000d5c00000, 0x0000000100000000)
  eden space 3072K, 0% used [0x00000000d5580000,0x00000000d5580000,0x00000000d5880000)
  from space 512K, 87% used [0x00000000d5b00000,0x00000000d5b70000,0x00000000d5b80000)
  to   space 512K, 0% used [0x00000000d5b80000,0x00000000d5b80000,0x00000000d5c00000)
 ParOldGen       total 882176K, used 558631K [0x0000000080000000, 0x00000000b5d80000, 0x00000000d5580000)
  object space 882176K, 63% used [0x0000000080000000,0x00000000a2189d00,0x00000000b5d80000)
 Metaspace       used 85115K, committed 86784K, reserved 1179648K
  class space    used 8581K, committed 9408K, reserved 1048576K
}

