# JRE version: OpenJDK Runtime Environment Temurin-21.0.9+10 (21.0.9+10) (build 21.0.9+10-LTS)
# Java VM: OpenJDK 64-Bit Server VM Temurin-21.0.9+10 (21.0.9+10-LTS, mixed mode, sharing, tiered, compressed oops, compressed class ptrs, parallel gc, windows-amd64)
GC Precious Log:
 CardTable entry size: 512
 CPUs: 4 total, 4 available
 Memory: 8073M
 Large Page Support: Disabled
 NUMA Support: Disabled
 Compressed Oops: Enabled (32-bit)
 Alignments: Space 512K, Generation 512K, Heap 2M
 Heap Min Capacity: 100M
 Heap Initial Capacity: 100M
 Heap Max Capacity: 2G
 Pre-touch: Disabled
 Parallel Workers: 4
Heap:
 PSYoungGen      total 16896K, used 7659K [0x00000000d5580000, 0x00000000d7500000, 0x0000000100000000)
  eden space 15872K, 42% used [0x00000000d5580000,0x00000000d5c12f70,0x00000000d6500000)
  from space 1024K, 90% used [0x00000000d6500000,0x00000000d65e8000,0x00000000d6600000)
  to   space 5120K, 0% used [0x00000000d7000000,0x00000000d7000000,0x00000000d7500000)
 ParOldGen       total 907264K, used 907017K [0x0000000080000000, 0x00000000b7600000, 0x00000000d5580000)
  object space 907264K, 99% used [0x0000000080000000,0x00000000b75c2568,0x00000000b7600000)
 Metaspace       used 88690K, committed 90560K, reserved 1179648K
  class space    used 8604K, committed 9600K, reserved 1048576K
GC Heap History (20 events):
Event: 16161.531 GC heap before
{Heap before GC invocations=4360 (full 16):
 PSYoungGen      total 13824K, used 13514K [0x00000000d5580000, 0x00000000d6a00000, 0x0000000100000000)
  eden space 12800K, 100% used [0x00000000d5580000,0x00000000d6200000,0x00000000d6200000)
  from space 1024K, 69% used [0x00000000d6200000,0x00000000d62b2800,0x00000000d6300000)
  to   space 2560K, 0% used [0x00000000d6780000,0x00000000d6780000,0x00000000d6a00000)
 ParOldGen       total 858624K, used 858506K [0x0000000080000000, 0x00000000b4680000, 0x00000000d5580000)
  object space 858624K, 99% used [0x0000000080000000,0x00000000b4662948,0x00000000b4680000)
 Metaspace       used 88689K, committed 90560K, reserved 1179648K
  class space    used 8604K, committed 9600K, reserved 1048576K
}
Event: 16161.537 GC heap after
{Heap after GC invocations=4360 (full 16):
 PSYoungGen      total 15872K, used 2556K [0x00000000d5580000, 0x00000000d6e00000, 0x0000000100000000)
  eden space 13312K, 0% used [0x00000000d5580000,0x00000000d5580000,0x00000000d6280000)
  from space 2560K, 99% used [0x00000000d6780000,0x00000000d69ff200,0x00000000d6a00000)
  to   space 5120K, 0% used [0x00000000d6280000,0x00000000d6280000,0x00000000d6780000)
 ParOldGen       total 860160K, used 859956K [0x0000000080000000, 0x00000000b4800000, 0x00000000d5580000)
  object space 860160K, 99% used [0x0000000080000000,0x00000000b47cd158,0x00000000b4800000)
 Metaspace       used 88689K, committed 90560K, reserved 1179648K
  class space    used 8604K, committed 9600K, reserved 1048576K
}
Event: 16161.587 GC heap before
{Heap before GC invocations=4361 (full 16):
 PSYoungGen      total 15872K, used 15868K [0x00000000d5580000, 0x00000000d6e00000, 0x0000000100000000)
  eden space 13312K, 100% used [0x00000000d5580000,0x00000000d6280000,0x00000000d6280000)
  from space 2560K, 99% used [0x00000000d6780000,0x00000000d69ff200,0x00000000d6a00000)
  to   space 5120K, 0% used [0x00000000d6280000,0x00000000d6280000,0x00000000d6780000)
 ParOldGen       total 860160K, used 859956K [0x0000000080000000, 0x00000000b4800000, 0x00000000d5580000)
  object space 860160K, 99% used [0x0000000080000000,0x00000000b47cd158,0x00000000b4800000)
 Metaspace       used 88689K, committed 90560K, reserved 1179648K
  class space    used 8604K, committed 9600K, reserved 1048576K
}
Event: 16161.594 GC heap after
{Heap after GC invocations=4361 (full 16):
 PSYoungGen      total 18432K, used 1524K [0x00000000d5580000, 0x00000000d6a00000, 0x0000000100000000)
  eden space 13312K, 0% used [0x00000000d5580000,0x00000000d5580000,0x00000000d6280000)
  from space 5120K, 29% used [0x00000000d6280000,0x00000000d63fd200,0x00000000d6780000)
  to   space 2560K, 0% used [0x00000000d6780000,0x00000000d6780000,0x00000000d6a00000)
 ParOldGen       total 863744K, used 863452K [0x0000000080000000, 0x00000000b4b80000, 0x00000000d5580000)
  object space 863744K, 99% used [0x0000000080000000,0x00000000b4b37358,0x00000000b4b80000)
 Metaspace       used 88689K, committed 90560K, reserved 1179648K
  class space    used 8604K, committed 9600K, reserved 1048576K
}
Event: 16163.071 GC heap before
{Heap before GC invocations=4362 (full 16):
 PSYoungGen      total 18432K, used 14613K [0x00000000d5580000, 0x00000000d6a00000, 0x0000000100000000)
  eden space 13312K, 98% used [0x00000000d5580000,0x00000000d62485b0,0x00000000d6280000)
  from space 5120K, 29% used [0x00000000d6280000,0x00000000d63fd200,0x00000000d6780000)
  to   space 2560K, 0% used [0x00000000d6780000,0x00000000d6780000,0x00000000d6a00000)
 ParOldGen       total 863744K, used 863452K [0x0000000080000000, 0x00000000b4b80000, 0x00000000d5580000)
  object space 863744K, 99% used [0x0000000080000000,0x00000000b4b37358,0x00000000b4b80000)
 Metaspace       used 88689K, committed 90560K, reserved 1179648K
  class space    used 8604K, committed 9600K, reserved 1048576K
}
Event: 16163.082 GC heap after
{Heap after GC invocations=4362 (full 16):
 PSYoungGen      total 18432K, used 2127K [0x00000000d5580000, 0x00000000d6a00000, 0x0000000100000000)
  eden space 15872K, 0% used [0x00000000d5580000,0x00000000d5580000,0x00000000d6500000)
  from space 2560K, 83% used [0x00000000d6780000,0x00000000d6993c10,0x00000000d6a00000)
  to   space 2560K, 0% used [0x00000000d6500000,0x00000000d6500000,0x00000000d6780000)
 ParOldGen       total 868864K, used 868268K [0x0000000080000000, 0x00000000b5080000, 0x00000000d5580000)
  object space 868864K, 99% used [0x0000000080000000,0x00000000b4feb378,0x00000000b5080000)
 Metaspace       used 88689K, committed 90560K, reserved 1179648K
  class space    used 8604K, committed 9600K, reserved 1048576K
}
Event: 16163.239 GC heap before
{Heap before GC invocations=4363 (full 16):
 PSYoungGen      total 18432K, used 17785K [0x00000000d5580000, 0x00000000d6a00000, 0x0000000100000000)
  eden space 15872K, 98% used [0x00000000d5580000,0x00000000d64caa28,0x00000000d6500000)
  from space 2560K, 83% used [0x00000000d6780000,0x00000000d6993c10,0x00000000d6a00000)
  to   space 2560K, 0% used [0x00000000d6500000,0x00000000d6500000,0x00000000d6780000)
 ParOldGen       total 868864K, used 868268K [0x0000000080000000, 0x00000000b5080000, 0x00000000d5580000)
  object space 868864K, 99% used [0x0000000080000000,0x00000000b4feb378,0x00000000b5080000)
 Metaspace       used 88689K, committed 90560K, reserved 1179648K
  class space    used 8604K, committed 9600K, reserved 1048576K
}
Event: 16163.267 GC heap after
{Heap after GC invocations=4363 (full 16):
 PSYoungGen      total 18432K, used 2550K [0x00000000d5580000, 0x00000000d8f80000, 0x0000000100000000)
  eden space 15872K, 0% used [0x00000000d5580000,0x00000000d5580000,0x00000000d6500000)
  from space 2560K, 99% used [0x00000000d6500000,0x00000000d677d820,0x00000000d6780000)
  to   space 20480K, 0% used [0x00000000d7b80000,0x00000000d7b80000,0x00000000d8f80000)
 ParOldGen       total 883712K, used 883443K [0x0000000080000000, 0x00000000b5f00000, 0x00000000d5580000)
  object space 883712K, 99% used [0x0000000080000000,0x00000000b5ebcf88,0x00000000b5f00000)
 Metaspace       used 88689K, committed 90560K, reserved 1179648K
  class space    used 8604K, committed 9600K, reserved 1048576K
}
Event: 16163.686 GC heap before
{Heap before GC invocations=4364 (full 16):
 PSYoungGen      total 18432K, used 18422K [0x00000000d5580000, 0x00000000d8f80000, 0x0000000100000000)
  eden space 15872K, 100% used [0x00000000d5580000,0x00000000d6500000,0x00000000d6500000)
  from space 2560K, 99% used [0x00000000d6500000,0x00000000d677d820,0x00000000d6780000)
  to   space 20480K, 0% used [0x00000000d7b80000,0x00000000d7b80000,0x00000000d8f80000)
 ParOldGen       total 883712K, used 883443K [0x0000000080000000, 0x00000000b5f00000, 0x00000000d5580000)
  object space 883712K, 99% used [0x0000000080000000,0x00000000b5ebcf88,0x00000000b5f00000)
 Metaspace       used 88689K, committed 90560K, reserved 1179648K
  class space    used 8604K, committed 9600K, reserved 1048576K
}
Event: 16163.697 GC heap after
{Heap after GC invocations=4364 (full 16):
 PSYoungGen      total 20992K, used 4628K [0x00000000d5580000, 0x00000000d8080000, 0x0000000100000000)
  eden space 15872K, 0% used [0x00000000d5580000,0x00000000d5580000,0x00000000d6500000)
  from space 5120K, 90% used [0x00000000d7b80000,0x00000000d8005200,0x00000000d8080000)
  to   space 9728K, 0% used [0x00000000d6d80000,0x00000000d6d80000,0x00000000d7700000)
 ParOldGen       total 885248K, used 885106K [0x0000000080000000, 0x00000000b6080000, 0x00000000d5580000)
  object space 885248K, 99% used [0x0000000080000000,0x00000000b605cb98,0x00000000b6080000)
 Metaspace       used 88689K, committed 90560K, reserved 1179648K
  class space    used 8604K, committed 9600K, reserved 1048576K
}
Event: 16163.762 GC heap before
{Heap before GC invocations=4365 (full 16):
 PSYoungGen      total 20992K, used 20500K [0x00000000d5580000, 0x00000000d8080000, 0x0000000100000000)
  eden space 15872K, 100% used [0x00000000d5580000,0x00000000d6500000,0x00000000d6500000)
  from space 5120K, 90% used [0x00000000d7b80000,0x00000000d8005200,0x00000000d8080000)
  to   space 9728K, 0% used [0x00000000d6d80000,0x00000000d6d80000,0x00000000d7700000)
 ParOldGen       total 885248K, used 885106K [0x0000000080000000, 0x00000000b6080000, 0x00000000d5580000)
  object space 885248K, 99% used [0x0000000080000000,0x00000000b605cb98,0x00000000b6080000)
 Metaspace       used 88689K, committed 90560K, reserved 1179648K
  class space    used 8604K, committed 9600K, reserved 1048576K
}
Event: 16163.772 GC heap after
{Heap after GC invocations=4365 (full 16):
 PSYoungGen      total 25600K, used 1722K [0x00000000d5580000, 0x00000000d7c00000, 0x0000000100000000)
  eden space 15872K, 0% used [0x00000000d5580000,0x00000000d5580000,0x00000000d6500000)
  from space 9728K, 17% used [0x00000000d6d80000,0x00000000d6f2ea98,0x00000000d7700000)
  to   space 3584K, 0% used [0x00000000d7880000,0x00000000d7880000,0x00000000d7c00000)
 ParOldGen       total 889344K, used 889082K [0x0000000080000000, 0x00000000b6480000, 0x00000000d5580000)
  object space 889344K, 99% used [0x0000000080000000,0x00000000b643eb98,0x00000000b6480000)
 Metaspace       used 88689K, committed 90560K, reserved 1179648K
  class space    used 8604K, committed 9600K, reserved 1048576K
}
Event: 16163.884 GC heap before
{Heap before GC invocations=4366 (full 16):
 PSYoungGen      total 25600K, used 17594K [0x00000000d5580000, 0x00000000d7c00000, 0x0000000100000000)
  eden space 15872K, 100% used [0x00000000d5580000,0x00000000d6500000,0x00000000d6500000)
  from space 9728K, 17% used [0x00000000d6d80000,0x00000000d6f2ea98,0x00000000d7700000)
  to   space 3584K, 0% used [0x00000000d7880000,0x00000000d7880000,0x00000000d7c00000)
 ParOldGen       total 889344K, used 889082K [0x0000000080000000, 0x00000000b6480000, 0x00000000d5580000)
  object space 889344K, 99% used [0x0000000080000000,0x00000000b643eb98,0x00000000b6480000)
 Metaspace       used 88690K, committed 90560K, reserved 1179648K
  class space    used 8604K, committed 9600K, reserved 1048576K
}
Event: 16163.892 GC heap after
{Heap after GC invocations=4366 (full 16):
 PSYoungGen      total 19456K, used 3573K [0x00000000d5580000, 0x00000000d7c00000, 0x0000000100000000)
  eden space 15872K, 0% used [0x00000000d5580000,0x00000000d5580000,0x00000000d6500000)
  from space 3584K, 99% used [0x00000000d7880000,0x00000000d7bfd508,0x00000000d7c00000)
  to   space 7168K, 0% used [0x00000000d6e00000,0x00000000d6e00000,0x00000000d7500000)
 ParOldGen       total 891904K, used 891732K [0x0000000080000000, 0x00000000b6700000, 0x00000000d5580000)
  object space 891904K, 99% used [0x0000000080000000,0x00000000b66d5200,0x00000000b6700000)
 Metaspace       used 88690K, committed 90560K, reserved 1179648K
  class space    used 8604K, committed 9600K, reserved 1048576K
}
Event: 16164.045 GC heap before
{Heap before GC invocations=4367 (full 16):
 PSYoungGen      total 19456K, used 19445K [0x00000000d5580000, 0x00000000d7c00000, 0x0000000100000000)
  eden space 15872K, 100% used [0x00000000d5580000,0x00000000d6500000,0x00000000d6500000)
  from space 3584K, 99% used [0x00000000d7880000,0x00000000d7bfd508,0x00000000d7c00000)
  to   space 7168K, 0% used [0x00000000d6e00000,0x00000000d6e00000,0x00000000d7500000)
 ParOldGen       total 891904K, used 891732K [0x0000000080000000, 0x00000000b6700000, 0x00000000d5580000)
  object space 891904K, 99% used [0x0000000080000000,0x00000000b66d5200,0x00000000b6700000)
 Metaspace       used 88690K, committed 90560K, reserved 1179648K
  class space    used 8604K, committed 9600K, reserved 1048576K
}
Event: 16164.052 GC heap after
{Heap after GC invocations=4367 (full 16):
 PSYoungGen      total 19456K, used 3228K [0x00000000d5580000, 0x00000000d7900000, 0x0000000100000000)
  eden space 15872K, 0% used [0x00000000d5580000,0x00000000d5580000,0x00000000d6500000)
  from space 3584K, 90% used [0x00000000d6e00000,0x00000000d7127358,0x00000000d7180000)
  to   space 4608K, 0% used [0x00000000d7480000,0x00000000d7480000,0x00000000d7900000)
 ParOldGen       total 895488K, used 895234K [0x0000000080000000, 0x00000000b6a80000, 0x00000000d5580000)
  object space 895488K, 99% used [0x0000000080000000,0x00000000b6a40bd0,0x00000000b6a80000)
 Metaspace       used 88690K, committed 90560K, reserved 1179648K
  class space    used 8604K, committed 9600K, reserved 1048576K
}
Event: 16164.316 GC heap before
{Heap before GC invocations=4368 (full 16):
 PSYoungGen      total 19456K, used 19100K [0x00000000d5580000, 0x00000000d7900000, 0x0000000100000000)
  eden space 15872K, 100% used [0x00000000d5580000,0x00000000d6500000,0x00000000d6500000)
  from space 3584K, 90% used [0x00000000d6e00000,0x00000000d7127358,0x00000000d7180000)
  to   space 4608K, 0% used [0x00000000d7480000,0x00000000d7480000,0x00000000d7900000)
 ParOldGen       total 895488K, used 895234K [0x0000000080000000, 0x00000000b6a80000, 0x00000000d5580000)
  object space 895488K, 99% used [0x0000000080000000,0x00000000b6a40bd0,0x00000000b6a80000)
 Metaspace       used 88690K, committed 90560K, reserved 1179648K
  class space    used 8604K, committed 9600K, reserved 1048576K
}
Event: 16164.329 GC heap after
{Heap after GC invocations=4368 (full 16):
 PSYoungGen      total 20480K, used 4593K [0x00000000d5580000, 0x00000000d8000000, 0x0000000100000000)
  eden space 15872K, 0% used [0x00000000d5580000,0x00000000d5580000,0x00000000d6500000)
  from space 4608K, 99% used [0x00000000d7480000,0x00000000d78fc558,0x00000000d7900000)
  to   space 13824K, 0% used [0x00000000d6500000,0x00000000d6500000,0x00000000d7280000)
 ParOldGen       total 902656K, used 902537K [0x0000000080000000, 0x00000000b7180000, 0x00000000d5580000)
  object space 902656K, 99% used [0x0000000080000000,0x00000000b71625e8,0x00000000b7180000)
 Metaspace       used 88690K, committed 90560K, reserved 1179648K
  class space    used 8604K, committed 9600K, reserved 1048576K
}
Event: 16164.416 GC heap before
{Heap before GC invocations=4369 (full 16):
 PSYoungGen      total 20480K, used 20465K [0x00000000d5580000, 0x00000000d8000000, 0x0000000100000000)
  eden space 15872K, 100% used [0x00000000d5580000,0x00000000d6500000,0x00000000d6500000)
  from space 4608K, 99% used [0x00000000d7480000,0x00000000d78fc558,0x00000000d7900000)
  to   space 13824K, 0% used [0x00000000d6500000,0x00000000d6500000,0x00000000d7280000)
 ParOldGen       total 902656K, used 902537K [0x0000000080000000, 0x00000000b7180000, 0x00000000d5580000)
  object space 902656K, 99% used [0x0000000080000000,0x00000000b71625e8,0x00000000b7180000)
 Metaspace       used 88690K, committed 90560K, reserved 1179648K
  class space    used 8604K, committed 9600K, reserved 1048576K
}
Event: 16164.422 GC heap after
{Heap after GC invocations=4369 (full 16):
 PSYoungGen      total 16896K, used 928K [0x00000000d5580000, 0x00000000d7500000, 0x0000000100000000)
  eden space 15872K, 0% used [0x00000000d5580000,0x00000000d5580000,0x00000000d6500000)
  from space 1024K, 90% used [0x00000000d6500000,0x00000000d65e8000,0x00000000d6600000)
  to   space 5120K, 0% used [0x00000000d7000000,0x00000000d7000000,0x00000000d7500000)
 ParOldGen       total 907264K, used 907017K [0x0000000080000000, 0x00000000b7600000, 0x00000000d5580000)
  object space 907264K, 99% used [0x0000000080000000,0x00000000b75c2568,0x00000000b7600000)
 Metaspace       used 88690K, committed 90560K, reserved 1179648K
  class space    used 8604K, committed 9600K, reserved 1048576K
}

