# JRE version: Java(TM) SE Runtime Environment (17.0.12+8) (build 17.0.12+8-LTS-286)
# Java VM: Java HotSpot(TM) 64-Bit Server VM (17.0.12+8-LTS-286, mixed mode, emulated-client, sharing, tiered, compressed oops, compressed class ptrs, g1 gc, windows-amd64)
GC Precious Log:
 CPUs: 4 total, 4 available
 Memory: 8073M
 Large Page Support: Disabled
 NUMA Support: Disabled
 Compressed Oops: Enabled (32-bit)
 Heap Region Size: 1M
 Heap Min Capacity: 8M
 Heap Initial Capacity: 128M
 Heap Max Capacity: 2020M
 Pre-touch: Disabled
 Parallel Workers: 4
 Concurrent Workers: 1
 Concurrent Refinement Workers: 4
 Periodic GC: Disabled
Heap:
 garbage-first heap   total 112640K, used 59883K [0x0000000081c00000, 0x0000000100000000)
  region size 1024K, 10 young (10240K), 3 survivors (3072K)
 Metaspace       used 90051K, committed 90688K, reserved 1179648K
  class space    used 13062K, committed 13376K, reserved 1048576K
GC Heap History (20 events):
Event: 12.023 GC heap before
{Heap before GC invocations=10 (full 0):
 garbage-first heap   total 81920K, used 54626K [0x0000000081c00000, 0x0000000100000000)
  region size 1024K, 31 young (31744K), 5 survivors (5120K)
 Metaspace       used 35729K, committed 36160K, reserved 1114112K
  class space    used 5157K, committed 5376K, reserved 1048576K
}
Event: 12.041 GC heap after
{Heap after GC invocations=11 (full 0):
 garbage-first heap   total 163840K, used 31502K [0x0000000081c00000, 0x0000000100000000)
  region size 1024K, 5 young (5120K), 5 survivors (5120K)
 Metaspace       used 35729K, committed 36160K, reserved 1114112K
  class space    used 5157K, committed 5376K, reserved 1048576K
}
Event: 14.869 GC heap before
{Heap before GC invocations=12 (full 0):
 garbage-first heap   total 112640K, used 94990K [0x0000000081c00000, 0x0000000100000000)
  region size 1024K, 66 young (67584K), 5 survivors (5120K)
 Metaspace       used 45860K, committed 46336K, reserved 1114112K
  class space    used 6704K, committed 6912K, reserved 1048576K
}
Event: 14.880 GC heap after
{Heap after GC invocations=13 (full 0):
 garbage-first heap   total 112640K, used 34686K [0x0000000081c00000, 0x0000000100000000)
  region size 1024K, 6 young (6144K), 6 survivors (6144K)
 Metaspace       used 45860K, committed 46336K, reserved 1114112K
  class space    used 6704K, committed 6912K, reserved 1048576K
}
Event: 17.858 GC heap before
{Heap before GC invocations=14 (full 0):
 garbage-first heap   total 112640K, used 85886K [0x0000000081c00000, 0x0000000100000000)
  region size 1024K, 57 young (58368K), 6 survivors (6144K)
 Metaspace       used 58128K, committed 58688K, reserved 1114112K
  class space    used 8516K, committed 8832K, reserved 1048576K
}
Event: 17.869 GC heap after
{Heap after GC invocations=15 (full 0):
 garbage-first heap   total 112640K, used 37604K [0x0000000081c00000, 0x0000000100000000)
  region size 1024K, 7 young (7168K), 7 survivors (7168K)
 Metaspace       used 58128K, committed 58688K, reserved 1114112K
  class space    used 8516K, committed 8832K, reserved 1048576K
}
Event: 19.491 GC heap before
{Heap before GC invocations=15 (full 0):
 garbage-first heap   total 112640K, used 88804K [0x0000000081c00000, 0x0000000100000000)
  region size 1024K, 57 young (58368K), 7 survivors (7168K)
 Metaspace       used 66502K, committed 67136K, reserved 1114112K
  class space    used 9744K, committed 10048K, reserved 1048576K
}
Event: 19.502 GC heap after
{Heap after GC invocations=16 (full 0):
 garbage-first heap   total 112640K, used 40527K [0x0000000081c00000, 0x0000000100000000)
  region size 1024K, 6 young (6144K), 6 survivors (6144K)
 Metaspace       used 66502K, committed 67136K, reserved 1114112K
  class space    used 9744K, committed 10048K, reserved 1048576K
}
Event: 21.975 GC heap before
{Heap before GC invocations=16 (full 0):
 garbage-first heap   total 112640K, used 89679K [0x0000000081c00000, 0x0000000100000000)
  region size 1024K, 54 young (55296K), 6 survivors (6144K)
 Metaspace       used 72078K, committed 72640K, reserved 1114112K
  class space    used 10546K, committed 10816K, reserved 1048576K
}
Event: 21.986 GC heap after
{Heap after GC invocations=17 (full 0):
 garbage-first heap   total 112640K, used 43926K [0x0000000081c00000, 0x0000000100000000)
  region size 1024K, 7 young (7168K), 7 survivors (7168K)
 Metaspace       used 72078K, committed 72640K, reserved 1114112K
  class space    used 10546K, committed 10816K, reserved 1048576K
}
Event: 23.649 GC heap before
{Heap before GC invocations=17 (full 0):
 garbage-first heap   total 112640K, used 90006K [0x0000000081c00000, 0x0000000100000000)
  region size 1024K, 52 young (53248K), 7 survivors (7168K)
 Metaspace       used 74750K, committed 75328K, reserved 1114112K
  class space    used 10947K, committed 11200K, reserved 1048576K
}
Event: 23.661 GC heap after
{Heap after GC invocations=18 (full 0):
 garbage-first heap   total 112640K, used 46481K [0x0000000081c00000, 0x0000000100000000)
  region size 1024K, 6 young (6144K), 6 survivors (6144K)
 Metaspace       used 74750K, committed 75328K, reserved 1114112K
  class space    used 10947K, committed 11200K, reserved 1048576K
}
Event: 24.768 GC heap before
{Heap before GC invocations=18 (full 0):
 garbage-first heap   total 112640K, used 74129K [0x0000000081c00000, 0x0000000100000000)
  region size 1024K, 34 young (34816K), 6 survivors (6144K)
 Metaspace       used 77108K, committed 77696K, reserved 1179648K
  class space    used 11303K, committed 11584K, reserved 1048576K
}
Event: 24.779 GC heap after
{Heap after GC invocations=19 (full 0):
 garbage-first heap   total 112640K, used 48714K [0x0000000081c00000, 0x0000000100000000)
  region size 1024K, 5 young (5120K), 5 survivors (5120K)
 Metaspace       used 77108K, committed 77696K, reserved 1179648K
  class space    used 11303K, committed 11584K, reserved 1048576K
}
Event: 26.906 GC heap before
{Heap before GC invocations=20 (full 0):
 garbage-first heap   total 112640K, used 89674K [0x0000000081c00000, 0x0000000100000000)
  region size 1024K, 45 young (46080K), 5 survivors (5120K)
 Metaspace       used 80576K, committed 81216K, reserved 1179648K
  class space    used 11912K, committed 12224K, reserved 1048576K
}
Event: 26.916 GC heap after
{Heap after GC invocations=21 (full 0):
 garbage-first heap   total 112640K, used 51680K [0x0000000081c00000, 0x0000000100000000)
  region size 1024K, 6 young (6144K), 6 survivors (6144K)
 Metaspace       used 80576K, committed 81216K, reserved 1179648K
  class space    used 11912K, committed 12224K, reserved 1048576K
}
Event: 26.934 GC heap before
{Heap before GC invocations=21 (full 0):
 garbage-first heap   total 112640K, used 51680K [0x0000000081c00000, 0x0000000100000000)
  region size 1024K, 7 young (7168K), 6 survivors (6144K)
 Metaspace       used 80814K, committed 81408K, reserved 1179648K
  class space    used 11939K, committed 12224K, reserved 1048576K
}
Event: 26.942 GC heap after
{Heap after GC invocations=22 (full 0):
 garbage-first heap   total 112640K, used 51822K [0x0000000081c00000, 0x0000000100000000)
  region size 1024K, 1 young (1024K), 1 survivors (1024K)
 Metaspace       used 80814K, committed 81408K, reserved 1179648K
  class space    used 11939K, committed 12224K, reserved 1048576K
}
Event: 29.042 GC heap before
{Heap before GC invocations=22 (full 0):
 garbage-first heap   total 112640K, used 89710K [0x0000000081c00000, 0x0000000100000000)
  region size 1024K, 38 young (38912K), 1 survivors (1024K)
 Metaspace       used 88872K, committed 89536K, reserved 1179648K
  class space    used 12977K, committed 13312K, reserved 1048576K
}
Event: 29.049 GC heap after
{Heap after GC invocations=23 (full 0):
 garbage-first heap   total 112640K, used 53739K [0x0000000081c00000, 0x0000000100000000)
  region size 1024K, 3 young (3072K), 3 survivors (3072K)
 Metaspace       used 88872K, committed 89536K, reserved 1179648K
  class space    used 12977K, committed 13312K, reserved 1048576K
}

